9050 10 798  0 1 1 0 0 1 1 1 0 1
9051 10 942  1 1 1 0 1 1 1 1 0 1
9052 10 736  0 0 1 1 0 0 1 1 1 1
9053 10 956  1 1 1 1 1 0 1 0 1 0
9054 10 1371  1 1 0 1 1 0 1 1 1 1
9055 10 1346  1 0 1 1 1 1 1 0 1 1
9056 10 1375  1 1 1 1 0 1 1 1 1 1
9057 10 1140  0 1 1 0 0 1 1 1 1 1
9058 10 1220  1 1 1 0 0 1 1 1 1 0
9059 10 1222  1 0 1 1 1 1 1 1 0 1
9060 10 1319  1 1 1 0 1 1 0 0 1 1
9061 10 1169  1 1 1 1 1 1 0 1 1 1
9062 10 90  1 1 1 1 1 1 1 1 1 0
9063 10 1023  0 1 1 1 1 1 1 1 0 0
9064 10 1330  1 1 1 0 0 0 1 1 1 1
9065 10 984  0 1 0 1 0 0 1 0 1 1
9066 10 1024  1 1 0 1 0 1 1 1 1 1
9067 10 1194  1 1 1 0 0 0 1 0 1 1
9068 10 872  1 1 1 1 1 1 0 1 0 0
9069 10 1037  1 1 1 0 1 0 0 1 1 0
9070 10 1286  0 0 1 1 1 1 1 1 1 1
9071 10 1178  0 1 1 1 1 1 1 0 0 1
9072 10 1113  1 0 0 1 1 0 0 1 1 1
9073 10 863  1 0 0 1 1 1 1 0 1 0
9074 10 737  0 1 1 1 0 0 1 1 1 0
9075 10 1240  1 1 1 1 0 0 1 1 1 1
9076 10 839  1 1 1 1 1 1 1 0 0 0
9077 10 1033  1 1 0 1 1 1 1 0 1 0
9078 10 1368  1 1 0 1 1 1 0 1 1 1
9079 10 1067  0 1 0 1 1 1 1 1 0 1
9080 10 933  1 1 1 0 0 0 1 1 0 1
9081 10 919  1 1 1 0 1 1 0 0 0 0
9082 10 952  1 1 0 0 0 0 1 1 1 1
9083 10 1310  1 0 1 1 0 1 1 1 1 1
9084 10 1196  1 0 0 1 1 1 1 1 1 1
9085 10 955  1 1 0 1 1 0 0 1 1 1
9086 10 748  1 1 1 1 1 0 0 0 1 0
9087 10 1059  1 0 1 1 1 0 1 1 0 0
9088 10 1578  1 1 1 1 1 1 1 1 1 1
9089 10 660  1 0 1 1 1 0 0 0 1 1
9090 10 1139  1 1 1 1 0 1 1 1 1 0
9091 10 1043  1 1 0 1 1 1 1 1 1 1
9092 10 1436  1 1 1 1 1 0 1 1 1 1
9093 10 1368  0 1 1 1 1 1 1 1 1 1
9094 10 1315  0 1 1 1 1 1 0 1 0 1
9095 10 967  1 1 1 1 1 0 0 1 1 1
9096 10 1137  1 1 1 1 1 0 1 1 0 0
9097 10 959  1 1 1 0 1 1 1 1 1 0
9098 10 883  0 1 0 1 0 0 1 1 1 0
9099 10 1224  1 1 1 0 1 1 1 0 0 1
